2021-11-22 22:25:48,489 - INFO - Opening https://www.instagram.com/
2021-11-22 22:25:49,029 - INFO - Logging in to account _.j._.s._r
2021-11-22 22:25:55,754 - INFO - Visiting casslks profile
2021-11-22 22:25:58,152 - INFO - Has existing highlight
2021-11-22 22:25:58,912 - INFO - Highlight is scrollable
2021-11-22 22:25:59,111 - INFO - Highlight is scrollable
2021-11-22 22:25:59,370 - INFO - Highlight is scrollable
2021-11-22 22:25:59,586 - INFO - Highlight is scrollable
2021-11-22 22:25:59,826 - INFO - Highlight is scrollable
2021-11-22 22:26:00,046 - INFO - Highlight is scrollable
2021-11-22 22:26:00,208 - INFO - Highlight is scrollable
2021-11-22 22:26:10,565 - INFO - Highlight is left scrollable
2021-11-22 22:26:10,613 - INFO - Highlight is left scrollable
2021-11-22 22:26:10,658 - INFO - Highlight is left scrollable
2021-11-22 22:26:10,702 - INFO - Highlight is left scrollable
2021-11-22 22:26:10,749 - INFO - Highlight is left scrollable
2021-11-22 22:26:10,809 - INFO - Highlight is left scrollable
2021-11-22 22:26:10,843 - INFO - Highlight is left scrollable
2021-11-22 22:27:48,996 - ERROR - Unexpected error: Message: chrome not reachable
  (Session info: chrome=95.0.4638.69)

